[debug] [2020-05-29T15:08:38.866Z] ----------------------------------------------------------------------
[debug] [2020-05-29T15:08:38.869Z] Command:       C:\Program Files\nodejs\node.exe C:\Users\ZANAHORIA\AppData\Roaming\npm\node_modules\firebase-tools\lib\bin\firebase.js init
[debug] [2020-05-29T15:08:38.869Z] CLI Version:   7.2.4
[debug] [2020-05-29T15:08:38.869Z] Platform:      win32
[debug] [2020-05-29T15:08:38.869Z] Node Version:  v12.16.1
[debug] [2020-05-29T15:08:38.870Z] Time:          Fri May 29 2020 17:08:38 GMT+0200 (GMT+02:00)
[debug] [2020-05-29T15:08:38.871Z] ----------------------------------------------------------------------
[debug] 
[debug] [2020-05-29T15:08:38.876Z] > command requires scopes: ["email","openid","https://www.googleapis.com/auth/cloudplatformprojects.readonly","https://www.googleapis.com/auth/firebase","https://www.googleapis.com/auth/cloud-platform"]
[debug] [2020-05-29T15:08:38.877Z] > authorizing via signed-in user
[info] 
     ######## #### ########  ######## ########     ###     ######  ########
     ##        ##  ##     ## ##       ##     ##  ##   ##  ##       ##
     ######    ##  ########  ######   ########  #########  ######  ######
     ##        ##  ##    ##  ##       ##     ## ##     ##       ## ##
     ##       #### ##     ## ######## ########  ##     ##  ######  ########

You're about to initialize a Firebase project in this directory:

  D:\lacapsule\project\LovrNewVersion

[info] 
=== Project Setup
[info] 
[info] First, let's associate this project directory with a Firebase project.
[info] You can create multiple project aliases by running firebase use --add, 
[info] but for now we'll just set up a default project.
[info] 
[debug] [2020-05-29T15:08:52.197Z] > refreshing access token with scopes: ["email","https://www.googleapis.com/auth/cloud-platform","https://www.googleapis.com/auth/cloudplatformprojects.readonly","https://www.googleapis.com/auth/firebase","openid"]
[debug] [2020-05-29T15:08:52.197Z] >>> HTTP REQUEST POST https://www.googleapis.com/oauth2/v3/token  
 <request body omitted>
[debug] [2020-05-29T15:08:52.367Z] <<< HTTP RESPONSE 200
[debug] [2020-05-29T15:08:52.401Z] >>> HTTP REQUEST GET https://firebase.googleapis.com/v1beta1/projects?pageSize=100  
 
[debug] [2020-05-29T15:08:52.673Z] <<< HTTP RESPONSE 200
[info] i  Using project lovrnewversion (LovrNewVersion)
[info] 
=== Database Setup
[info] 
[info] Firebase Realtime Database Rules allow you to define how your data should be
[info] structured and when your data can be read from and written to.
[info] 
